[41080:41080:0331/143707.917475:WARNING:ui/ozone/platform/wayland/common/wayland_object.cc:119] Binding to zwp_pointer_gestures_v1 version 1 but version 3 is available.
[41080:41080:0331/143707.917717:WARNING:ui/ozone/platform/wayland/common/wayland_object.cc:119] Binding to zwp_linux_dmabuf_v1 version 4 but version 5 is available.
[41080:41080:0331/143708.095352:INFO:components/enterprise/browser/controller/chrome_browser_cloud_management_controller.cc:206] No machine level policy manager exists.
[41080:41080:0331/143708.194618:WARNING:ui/ozone/platform/wayland/host/wayland_surface.cc:170] Server doesn't support zcr_alpha_compositing_v1.
[41080:41080:0331/143708.194654:WARNING:ui/ozone/platform/wayland/host/wayland_surface.cc:185] Server doesn't support overlay_prioritizer.
[41080:41080:0331/143708.194662:WARNING:ui/ozone/platform/wayland/host/wayland_surface.cc:200] Server doesn't support wp_content_type_v1
[41080:41080:0331/143708.194669:WARNING:ui/ozone/platform/wayland/host/wayland_surface.cc:214] Server doesn't support wp_color_management_surface_v1.
[41080:41080:0331/143710.911398:INFO:CONSOLE:1] "Pusher :  : ["The disableStats option is deprecated in favor of enableStats"]", source: https://yodixa.lusites.xyz/_next/static/chunks/df040ad983140592.js?dpl=dpl_E8ht5yUHh371GXLdqtw8Fwse1UNU (1)
[41080:41080:0331/143710.916078:INFO:CONSOLE:1] "Pusher :  : ["State changed","initialized -> connecting"]", source: https://yodixa.lusites.xyz/_next/static/chunks/df040ad983140592.js?dpl=dpl_E8ht5yUHh371GXLdqtw8Fwse1UNU (1)
[41080:41080:0331/143710.924128:INFO:CONSOLE:1] "Pusher :  : ["Connecting",{"transport":"ws","url":"wss://yodixa-dev.lusites.xyz:6001/app/7de17331be0146e8a264535c21b177fc?protocol=7&client=js&version=8.4.0&flash=false"}]", source: https://yodixa.lusites.xyz/_next/static/chunks/df040ad983140592.js?dpl=dpl_E8ht5yUHh371GXLdqtw8Fwse1UNU (1)
[41080:41080:0331/143711.107730:INFO:CONSOLE:1] "Pusher :  : ["State changed","connecting -> connected with new socket ID 5522956703.3573800362"]", source: https://yodixa.lusites.xyz/_next/static/chunks/df040ad983140592.js?dpl=dpl_E8ht5yUHh371GXLdqtw8Fwse1UNU (1)
[41080:41080:0331/143711.209484:INFO:CONSOLE:1] "Pusher :  : ["Event sent",{"event":"pusher:subscribe","data":{"auth":"7de17331be0146e8a264535c21b177fc:739ed5695dbac42c48d85e93993dcb889e5df1905ab92452160eda3d5061284b","channel":"private-user-055362a7-d3e5-44b9-ae0f-b08bdc204655"}}]", source: https://yodixa.lusites.xyz/_next/static/chunks/df040ad983140592.js?dpl=dpl_E8ht5yUHh371GXLdqtw8Fwse1UNU (1)
[41080:41080:0331/143711.263863:INFO:CONSOLE:1] "Pusher :  : ["Event recd",{"event":"pusher_internal:subscription_succeeded","channel":"private-user-055362a7-d3e5-44b9-ae0f-b08bdc204655"}]", source: https://yodixa.lusites.xyz/_next/static/chunks/df040ad983140592.js?dpl=dpl_E8ht5yUHh371GXLdqtw8Fwse1UNU (1)
[41080:41080:0331/143711.264458:INFO:CONSOLE:1] "Pusher :  : ["No callbacks on private-user-055362a7-d3e5-44b9-ae0f-b08bdc204655 for pusher:subscription_succeeded"]", source: https://yodixa.lusites.xyz/_next/static/chunks/df040ad983140592.js?dpl=dpl_E8ht5yUHh371GXLdqtw8Fwse1UNU (1)
[41080:41080:0331/143711.710123:INFO:CONSOLE:1] "Pusher :  : ["The disableStats option is deprecated in favor of enableStats"]", source: https://yodixa.lusites.xyz/_next/static/chunks/df040ad983140592.js?dpl=dpl_E8ht5yUHh371GXLdqtw8Fwse1UNU (1)
[41080:41080:0331/143711.712636:INFO:CONSOLE:1] "Pusher :  : ["State changed","initialized -> connecting"]", source: https://yodixa.lusites.xyz/_next/static/chunks/df040ad983140592.js?dpl=dpl_E8ht5yUHh371GXLdqtw8Fwse1UNU (1)
[41080:41080:0331/143711.715838:INFO:CONSOLE:1] "Pusher :  : ["Connecting",{"transport":"ws","url":"wss://yodixa-dev.lusites.xyz:6001/app/7de17331be0146e8a264535c21b177fc?protocol=7&client=js&version=8.4.0&flash=false"}]", source: https://yodixa.lusites.xyz/_next/static/chunks/df040ad983140592.js?dpl=dpl_E8ht5yUHh371GXLdqtw8Fwse1UNU (1)
[41080:41080:0331/143711.906032:INFO:CONSOLE:1] "Pusher :  : ["State changed","connecting -> connected with new socket ID 7599004982.3858888579"]", source: https://yodixa.lusites.xyz/_next/static/chunks/df040ad983140592.js?dpl=dpl_E8ht5yUHh371GXLdqtw8Fwse1UNU (1)
[41080:41080:0331/143711.941471:INFO:CONSOLE:1] "Pusher :  : ["Event sent",{"event":"pusher:subscribe","data":{"auth":"7de17331be0146e8a264535c21b177fc:93b816ea9af7219cff3ef6d089e5fcab1529aeb6a7601fdd329af7d2b0e271a9","channel":"private-user-055362a7-d3e5-44b9-ae0f-b08bdc204655"}}]", source: https://yodixa.lusites.xyz/_next/static/chunks/df040ad983140592.js?dpl=dpl_E8ht5yUHh371GXLdqtw8Fwse1UNU (1)
[41080:41080:0331/143712.084114:INFO:CONSOLE:1] "Pusher :  : ["Event recd",{"event":"pusher_internal:subscription_succeeded","channel":"private-user-055362a7-d3e5-44b9-ae0f-b08bdc204655"}]", source: https://yodixa.lusites.xyz/_next/static/chunks/df040ad983140592.js?dpl=dpl_E8ht5yUHh371GXLdqtw8Fwse1UNU (1)
[41080:41080:0331/143712.084797:INFO:CONSOLE:1] "Pusher :  : ["No callbacks on private-user-055362a7-d3e5-44b9-ae0f-b08bdc204655 for pusher:subscription_succeeded"]", source: https://yodixa.lusites.xyz/_next/static/chunks/df040ad983140592.js?dpl=dpl_E8ht5yUHh371GXLdqtw8Fwse1UNU (1)
[41080:41080:0331/143712.359230:INFO:CONSOLE:1] "Pusher :  : ["The disableStats option is deprecated in favor of enableStats"]", source: https://yodixa.lusites.xyz/_next/static/chunks/df040ad983140592.js?dpl=dpl_E8ht5yUHh371GXLdqtw8Fwse1UNU (1)
[41080:41080:0331/143712.360869:INFO:CONSOLE:1] "Pusher :  : ["State changed","initialized -> connecting"]", source: https://yodixa.lusites.xyz/_next/static/chunks/df040ad983140592.js?dpl=dpl_E8ht5yUHh371GXLdqtw8Fwse1UNU (1)
[41080:41080:0331/143712.363603:INFO:CONSOLE:1] "Pusher :  : ["Connecting",{"transport":"ws","url":"wss://yodixa-dev.lusites.xyz:6001/app/7de17331be0146e8a264535c21b177fc?protocol=7&client=js&version=8.4.0&flash=false"}]", source: https://yodixa.lusites.xyz/_next/static/chunks/df040ad983140592.js?dpl=dpl_E8ht5yUHh371GXLdqtw8Fwse1UNU (1)
[41080:41080:0331/143712.511154:INFO:CONSOLE:1] "Pusher :  : ["State changed","connecting -> connected with new socket ID 5627170761.174868786"]", source: https://yodixa.lusites.xyz/_next/static/chunks/df040ad983140592.js?dpl=dpl_E8ht5yUHh371GXLdqtw8Fwse1UNU (1)
[41080:41080:0331/143712.609467:INFO:CONSOLE:1] "Pusher :  : ["Event sent",{"event":"pusher:subscribe","data":{"auth":"7de17331be0146e8a264535c21b177fc:3a64dcc7b5a9cb2f353187ed6f62c9c814df2753fdf1ace41d2c7f29f70f2d10","channel":"private-user-055362a7-d3e5-44b9-ae0f-b08bdc204655"}}]", source: https://yodixa.lusites.xyz/_next/static/chunks/df040ad983140592.js?dpl=dpl_E8ht5yUHh371GXLdqtw8Fwse1UNU (1)
[41080:41080:0331/143712.745476:INFO:CONSOLE:1] "Pusher :  : ["Event recd",{"event":"pusher_internal:subscription_succeeded","channel":"private-user-055362a7-d3e5-44b9-ae0f-b08bdc204655"}]", source: https://yodixa.lusites.xyz/_next/static/chunks/df040ad983140592.js?dpl=dpl_E8ht5yUHh371GXLdqtw8Fwse1UNU (1)
[41080:41080:0331/143712.746416:INFO:CONSOLE:1] "Pusher :  : ["No callbacks on private-user-055362a7-d3e5-44b9-ae0f-b08bdc204655 for pusher:subscription_succeeded"]", source: https://yodixa.lusites.xyz/_next/static/chunks/df040ad983140592.js?dpl=dpl_E8ht5yUHh371GXLdqtw8Fwse1UNU (1)
[41080:41106:0331/143716.919026:ERROR:google_apis/gcm/engine/registration_request.cc:292] Registration response error message: DEPRECATED_ENDPOINT
[41080:41106:0331/143737.907578:ERROR:google_apis/gcm/engine/registration_request.cc:292] Registration response error message: DEPRECATED_ENDPOINT
[41080:41080:0331/143743.191509:INFO:CONSOLE:1] "Pusher :  : ["Event sent",{"event":"pusher:ping","data":{}}]", source: https://yodixa.lusites.xyz/_next/static/chunks/df040ad983140592.js?dpl=dpl_E8ht5yUHh371GXLdqtw8Fwse1UNU (1)
[41080:41080:0331/143743.224163:INFO:CONSOLE:1] "Pusher :  : ["Event recd",{"event":"pusher:pong","data":{}}]", source: https://yodixa.lusites.xyz/_next/static/chunks/df040ad983140592.js?dpl=dpl_E8ht5yUHh371GXLdqtw8Fwse1UNU (1)
[41080:41080:0331/143814.189166:INFO:CONSOLE:1] "Pusher :  : ["Event sent",{"event":"pusher:ping","data":{}}]", source: https://yodixa.lusites.xyz/_next/static/chunks/df040ad983140592.js?dpl=dpl_E8ht5yUHh371GXLdqtw8Fwse1UNU (1)
[41080:41080:0331/143814.221560:INFO:CONSOLE:1] "Pusher :  : ["Event recd",{"event":"pusher:pong","data":{}}]", source: https://yodixa.lusites.xyz/_next/static/chunks/df040ad983140592.js?dpl=dpl_E8ht5yUHh371GXLdqtw8Fwse1UNU (1)
[41080:41106:0331/143830.641627:ERROR:google_apis/gcm/engine/registration_request.cc:292] Registration response error message: DEPRECATED_ENDPOINT
[41080:41080:0331/143845.189498:INFO:CONSOLE:1] "Pusher :  : ["Event sent",{"event":"pusher:ping","data":{}}]", source: https://yodixa.lusites.xyz/_next/static/chunks/df040ad983140592.js?dpl=dpl_E8ht5yUHh371GXLdqtw8Fwse1UNU (1)
[41080:41080:0331/143845.220119:INFO:CONSOLE:1] "Pusher :  : ["Event recd",{"event":"pusher:pong","data":{}}]", source: https://yodixa.lusites.xyz/_next/static/chunks/df040ad983140592.js?dpl=dpl_E8ht5yUHh371GXLdqtw8Fwse1UNU (1)
[41080:41080:0331/143916.191478:INFO:CONSOLE:1] "Pusher :  : ["Event sent",{"event":"pusher:ping","data":{}}]", source: https://yodixa.lusites.xyz/_next/static/chunks/df040ad983140592.js?dpl=dpl_E8ht5yUHh371GXLdqtw8Fwse1UNU (1)
[41080:41080:0331/143916.224745:INFO:CONSOLE:1] "Pusher :  : ["Event recd",{"event":"pusher:pong","data":{}}]", source: https://yodixa.lusites.xyz/_next/static/chunks/df040ad983140592.js?dpl=dpl_E8ht5yUHh371GXLdqtw8Fwse1UNU (1)
[41080:41080:0331/143947.189155:INFO:CONSOLE:1] "Pusher :  : ["Event sent",{"event":"pusher:ping","data":{}}]", source: https://yodixa.lusites.xyz/_next/static/chunks/df040ad983140592.js?dpl=dpl_E8ht5yUHh371GXLdqtw8Fwse1UNU (1)
[41080:41080:0331/143947.220994:INFO:CONSOLE:1] "Pusher :  : ["Event recd",{"event":"pusher:pong","data":{}}]", source: https://yodixa.lusites.xyz/_next/static/chunks/df040ad983140592.js?dpl=dpl_E8ht5yUHh371GXLdqtw8Fwse1UNU (1)
[41080:41106:0331/144003.886746:ERROR:google_apis/gcm/engine/registration_request.cc:292] Registration response error message: DEPRECATED_ENDPOINT
[41080:41080:0331/144008.146850:ERROR:services/on_device_model/public/cpp/service_client.cc:36] Unexpected on_device_model service disconnect: Error loading backend.
[41080:41080:0331/144018.189333:INFO:CONSOLE:1] "Pusher :  : ["Event sent",{"event":"pusher:ping","data":{}}]", source: https://yodixa.lusites.xyz/_next/static/chunks/df040ad983140592.js?dpl=dpl_E8ht5yUHh371GXLdqtw8Fwse1UNU (1)
[41080:41080:0331/144018.222645:INFO:CONSOLE:1] "Pusher :  : ["Event recd",{"event":"pusher:pong","data":{}}]", source: https://yodixa.lusites.xyz/_next/static/chunks/df040ad983140592.js?dpl=dpl_E8ht5yUHh371GXLdqtw8Fwse1UNU (1)
[41080:41080:0331/144049.189731:INFO:CONSOLE:1] "Pusher :  : ["Event sent",{"event":"pusher:ping","data":{}}]", source: https://yodixa.lusites.xyz/_next/static/chunks/df040ad983140592.js?dpl=dpl_E8ht5yUHh371GXLdqtw8Fwse1UNU (1)
[41080:41080:0331/144049.222298:INFO:CONSOLE:1] "Pusher :  : ["Event recd",{"event":"pusher:pong","data":{}}]", source: https://yodixa.lusites.xyz/_next/static/chunks/df040ad983140592.js?dpl=dpl_E8ht5yUHh371GXLdqtw8Fwse1UNU (1)
[41080:41080:0331/144120.191761:INFO:CONSOLE:1] "Pusher :  : ["Event sent",{"event":"pusher:ping","data":{}}]", source: https://yodixa.lusites.xyz/_next/static/chunks/df040ad983140592.js?dpl=dpl_E8ht5yUHh371GXLdqtw8Fwse1UNU (1)
[41080:41080:0331/144120.225873:INFO:CONSOLE:1] "Pusher :  : ["Event recd",{"event":"pusher:pong","data":{}}]", source: https://yodixa.lusites.xyz/_next/static/chunks/df040ad983140592.js?dpl=dpl_E8ht5yUHh371GXLdqtw8Fwse1UNU (1)
[41080:41080:0331/144151.190677:INFO:CONSOLE:1] "Pusher :  : ["Event sent",{"event":"pusher:ping","data":{}}]", source: https://yodixa.lusites.xyz/_next/static/chunks/df040ad983140592.js?dpl=dpl_E8ht5yUHh371GXLdqtw8Fwse1UNU (1)
[41080:41080:0331/144151.222544:INFO:CONSOLE:1] "Pusher :  : ["Event recd",{"event":"pusher:pong","data":{}}]", source: https://yodixa.lusites.xyz/_next/static/chunks/df040ad983140592.js?dpl=dpl_E8ht5yUHh371GXLdqtw8Fwse1UNU (1)
[41080:41080:0331/144222.190578:INFO:CONSOLE:1] "Pusher :  : ["Event sent",{"event":"pusher:ping","data":{}}]", source: https://yodixa.lusites.xyz/_next/static/chunks/df040ad983140592.js?dpl=dpl_E8ht5yUHh371GXLdqtw8Fwse1UNU (1)
[41080:41080:0331/144222.222738:INFO:CONSOLE:1] "Pusher :  : ["Event recd",{"event":"pusher:pong","data":{}}]", source: https://yodixa.lusites.xyz/_next/static/chunks/df040ad983140592.js?dpl=dpl_E8ht5yUHh371GXLdqtw8Fwse1UNU (1)
[41080:41080:0331/144253.189277:INFO:CONSOLE:1] "Pusher :  : ["Event sent",{"event":"pusher:ping","data":{}}]", source: https://yodixa.lusites.xyz/_next/static/chunks/df040ad983140592.js?dpl=dpl_E8ht5yUHh371GXLdqtw8Fwse1UNU (1)
[41080:41080:0331/144253.219300:INFO:CONSOLE:1] "Pusher :  : ["Event recd",{"event":"pusher:pong","data":{}}]", source: https://yodixa.lusites.xyz/_next/static/chunks/df040ad983140592.js?dpl=dpl_E8ht5yUHh371GXLdqtw8Fwse1UNU (1)
[41080:41106:0331/144308.175112:ERROR:google_apis/gcm/engine/registration_request.cc:292] Registration response error message: DEPRECATED_ENDPOINT
[41080:41080:0331/144324.189193:INFO:CONSOLE:1] "Pusher :  : ["Event sent",{"event":"pusher:ping","data":{}}]", source: https://yodixa.lusites.xyz/_next/static/chunks/df040ad983140592.js?dpl=dpl_E8ht5yUHh371GXLdqtw8Fwse1UNU (1)
[41080:41080:0331/144324.222333:INFO:CONSOLE:1] "Pusher :  : ["Event recd",{"event":"pusher:pong","data":{}}]", source: https://yodixa.lusites.xyz/_next/static/chunks/df040ad983140592.js?dpl=dpl_E8ht5yUHh371GXLdqtw8Fwse1UNU (1)
[41080:41080:0331/144355.190894:INFO:CONSOLE:1] "Pusher :  : ["Event sent",{"event":"pusher:ping","data":{}}]", source: https://yodixa.lusites.xyz/_next/static/chunks/df040ad983140592.js?dpl=dpl_E8ht5yUHh371GXLdqtw8Fwse1UNU (1)
[41080:41080:0331/144355.225113:INFO:CONSOLE:1] "Pusher :  : ["Event recd",{"event":"pusher:pong","data":{}}]", source: https://yodixa.lusites.xyz/_next/static/chunks/df040ad983140592.js?dpl=dpl_E8ht5yUHh371GXLdqtw8Fwse1UNU (1)
[41080:41080:0331/144426.189167:INFO:CONSOLE:1] "Pusher :  : ["Event sent",{"event":"pusher:ping","data":{}}]", source: https://yodixa.lusites.xyz/_next/static/chunks/df040ad983140592.js?dpl=dpl_E8ht5yUHh371GXLdqtw8Fwse1UNU (1)
[41080:41080:0331/144426.221444:INFO:CONSOLE:1] "Pusher :  : ["Event recd",{"event":"pusher:pong","data":{}}]", source: https://yodixa.lusites.xyz/_next/static/chunks/df040ad983140592.js?dpl=dpl_E8ht5yUHh371GXLdqtw8Fwse1UNU (1)
[41080:41080:0331/144457.189340:INFO:CONSOLE:1] "Pusher :  : ["Event sent",{"event":"pusher:ping","data":{}}]", source: https://yodixa.lusites.xyz/_next/static/chunks/df040ad983140592.js?dpl=dpl_E8ht5yUHh371GXLdqtw8Fwse1UNU (1)
[41080:41080:0331/144457.221540:INFO:CONSOLE:1] "Pusher :  : ["Event recd",{"event":"pusher:pong","data":{}}]", source: https://yodixa.lusites.xyz/_next/static/chunks/df040ad983140592.js?dpl=dpl_E8ht5yUHh371GXLdqtw8Fwse1UNU (1)
[41080:41080:0331/144528.189208:INFO:CONSOLE:1] "Pusher :  : ["Event sent",{"event":"pusher:ping","data":{}}]", source: https://yodixa.lusites.xyz/_next/static/chunks/df040ad983140592.js?dpl=dpl_E8ht5yUHh371GXLdqtw8Fwse1UNU (1)
[41080:41080:0331/144528.219787:INFO:CONSOLE:1] "Pusher :  : ["Event recd",{"event":"pusher:pong","data":{}}]", source: https://yodixa.lusites.xyz/_next/static/chunks/df040ad983140592.js?dpl=dpl_E8ht5yUHh371GXLdqtw8Fwse1UNU (1)
[41080:41080:0331/144559.189216:INFO:CONSOLE:1] "Pusher :  : ["Event sent",{"event":"pusher:ping","data":{}}]", source: https://yodixa.lusites.xyz/_next/static/chunks/df040ad983140592.js?dpl=dpl_E8ht5yUHh371GXLdqtw8Fwse1UNU (1)
[41080:41080:0331/144559.219741:INFO:CONSOLE:1] "Pusher :  : ["Event recd",{"event":"pusher:pong","data":{}}]", source: https://yodixa.lusites.xyz/_next/static/chunks/df040ad983140592.js?dpl=dpl_E8ht5yUHh371GXLdqtw8Fwse1UNU (1)
[41080:41080:0331/144630.190859:INFO:CONSOLE:1] "Pusher :  : ["Event sent",{"event":"pusher:ping","data":{}}]", source: https://yodixa.lusites.xyz/_next/static/chunks/df040ad983140592.js?dpl=dpl_E8ht5yUHh371GXLdqtw8Fwse1UNU (1)
[41080:41080:0331/144630.224194:INFO:CONSOLE:1] "Pusher :  : ["Event recd",{"event":"pusher:pong","data":{}}]", source: https://yodixa.lusites.xyz/_next/static/chunks/df040ad983140592.js?dpl=dpl_E8ht5yUHh371GXLdqtw8Fwse1UNU (1)
[41080:41080:0331/144701.190837:INFO:CONSOLE:1] "Pusher :  : ["Event sent",{"event":"pusher:ping","data":{}}]", source: https://yodixa.lusites.xyz/_next/static/chunks/df040ad983140592.js?dpl=dpl_E8ht5yUHh371GXLdqtw8Fwse1UNU (1)
[41080:41080:0331/144701.224150:INFO:CONSOLE:1] "Pusher :  : ["Event recd",{"event":"pusher:pong","data":{}}]", source: https://yodixa.lusites.xyz/_next/static/chunks/df040ad983140592.js?dpl=dpl_E8ht5yUHh371GXLdqtw8Fwse1UNU (1)
[41080:41080:0331/144732.189499:INFO:CONSOLE:1] "Pusher :  : ["Event sent",{"event":"pusher:ping","data":{}}]", source: https://yodixa.lusites.xyz/_next/static/chunks/df040ad983140592.js?dpl=dpl_E8ht5yUHh371GXLdqtw8Fwse1UNU (1)
[41080:41080:0331/144732.220180:INFO:CONSOLE:1] "Pusher :  : ["Event recd",{"event":"pusher:pong","data":{}}]", source: https://yodixa.lusites.xyz/_next/static/chunks/df040ad983140592.js?dpl=dpl_E8ht5yUHh371GXLdqtw8Fwse1UNU (1)
[41080:41080:0331/144803.189389:INFO:CONSOLE:1] "Pusher :  : ["Event sent",{"event":"pusher:ping","data":{}}]", source: https://yodixa.lusites.xyz/_next/static/chunks/df040ad983140592.js?dpl=dpl_E8ht5yUHh371GXLdqtw8Fwse1UNU (1)
[41080:41080:0331/144803.221161:INFO:CONSOLE:1] "Pusher :  : ["Event recd",{"event":"pusher:pong","data":{}}]", source: https://yodixa.lusites.xyz/_next/static/chunks/df040ad983140592.js?dpl=dpl_E8ht5yUHh371GXLdqtw8Fwse1UNU (1)
[41080:41080:0331/144834.189352:INFO:CONSOLE:1] "Pusher :  : ["Event sent",{"event":"pusher:ping","data":{}}]", source: https://yodixa.lusites.xyz/_next/static/chunks/df040ad983140592.js?dpl=dpl_E8ht5yUHh371GXLdqtw8Fwse1UNU (1)
[41080:41080:0331/144834.220704:INFO:CONSOLE:1] "Pusher :  : ["Event recd",{"event":"pusher:pong","data":{}}]", source: https://yodixa.lusites.xyz/_next/static/chunks/df040ad983140592.js?dpl=dpl_E8ht5yUHh371GXLdqtw8Fwse1UNU (1)
[41080:41106:0331/144851.300030:ERROR:google_apis/gcm/engine/registration_request.cc:292] Registration response error message: DEPRECATED_ENDPOINT
[41080:41080:0331/144905.189299:INFO:CONSOLE:1] "Pusher :  : ["Event sent",{"event":"pusher:ping","data":{}}]", source: https://yodixa.lusites.xyz/_next/static/chunks/df040ad983140592.js?dpl=dpl_E8ht5yUHh371GXLdqtw8Fwse1UNU (1)
[41080:41080:0331/144905.221007:INFO:CONSOLE:1] "Pusher :  : ["Event recd",{"event":"pusher:pong","data":{}}]", source: https://yodixa.lusites.xyz/_next/static/chunks/df040ad983140592.js?dpl=dpl_E8ht5yUHh371GXLdqtw8Fwse1UNU (1)
[41080:41080:0331/144936.190134:INFO:CONSOLE:1] "Pusher :  : ["Event sent",{"event":"pusher:ping","data":{}}]", source: https://yodixa.lusites.xyz/_next/static/chunks/df040ad983140592.js?dpl=dpl_E8ht5yUHh371GXLdqtw8Fwse1UNU (1)
[41080:41080:0331/144936.221267:INFO:CONSOLE:1] "Pusher :  : ["Event recd",{"event":"pusher:pong","data":{}}]", source: https://yodixa.lusites.xyz/_next/static/chunks/df040ad983140592.js?dpl=dpl_E8ht5yUHh371GXLdqtw8Fwse1UNU (1)
[41080:41080:0331/145001.614048:ERROR:ui/compositor/compositor_animation_observer.cc:65] CompositorAnimationObserver is active for too long (752.618s) location=Button@ui/views/controls/button/button.cc:668
