[40593:40593:0331/143233.558305:WARNING:ui/ozone/platform/wayland/common/wayland_object.cc:119] Binding to zwp_pointer_gestures_v1 version 1 but version 3 is available.
[40593:40593:0331/143233.559252:WARNING:ui/ozone/platform/wayland/common/wayland_object.cc:119] Binding to zwp_linux_dmabuf_v1 version 4 but version 5 is available.
[40593:40593:0331/143233.769867:INFO:components/enterprise/browser/controller/chrome_browser_cloud_management_controller.cc:206] No machine level policy manager exists.
[40593:40593:0331/143233.915975:WARNING:ui/ozone/platform/wayland/host/wayland_surface.cc:170] Server doesn't support zcr_alpha_compositing_v1.
[40593:40593:0331/143233.916031:WARNING:ui/ozone/platform/wayland/host/wayland_surface.cc:185] Server doesn't support overlay_prioritizer.
[40593:40593:0331/143233.916043:WARNING:ui/ozone/platform/wayland/host/wayland_surface.cc:200] Server doesn't support wp_content_type_v1
[40593:40593:0331/143233.916054:WARNING:ui/ozone/platform/wayland/host/wayland_surface.cc:214] Server doesn't support wp_color_management_surface_v1.
[40593:40593:0331/143236.017516:INFO:CONSOLE:1] "Pusher :  : ["The disableStats option is deprecated in favor of enableStats"]", source: https://yodixa.lusites.xyz/_next/static/chunks/df040ad983140592.js?dpl=dpl_E8ht5yUHh371GXLdqtw8Fwse1UNU (1)
[40593:40593:0331/143236.030045:INFO:CONSOLE:1] "Pusher :  : ["State changed","initialized -> connecting"]", source: https://yodixa.lusites.xyz/_next/static/chunks/df040ad983140592.js?dpl=dpl_E8ht5yUHh371GXLdqtw8Fwse1UNU (1)
[40593:40593:0331/143236.038053:INFO:CONSOLE:1] "Pusher :  : ["Connecting",{"transport":"ws","url":"wss://yodixa-dev.lusites.xyz:6001/app/7de17331be0146e8a264535c21b177fc?protocol=7&client=js&version=8.4.0&flash=false"}]", source: https://yodixa.lusites.xyz/_next/static/chunks/df040ad983140592.js?dpl=dpl_E8ht5yUHh371GXLdqtw8Fwse1UNU (1)
[40638:40660:0331/143236.290820:WARNING:net/spdy/spdy_session.cc:3071] Received HEADERS for invalid stream 15
[40593:40593:0331/143236.646539:INFO:CONSOLE:1] "Pusher :  : ["The disableStats option is deprecated in favor of enableStats"]", source: https://yodixa.lusites.xyz/_next/static/chunks/df040ad983140592.js?dpl=dpl_E8ht5yUHh371GXLdqtw8Fwse1UNU (1)
[40593:40593:0331/143236.646829:INFO:CONSOLE:1] "Pusher :  : ["State changed","initialized -> connecting"]", source: https://yodixa.lusites.xyz/_next/static/chunks/df040ad983140592.js?dpl=dpl_E8ht5yUHh371GXLdqtw8Fwse1UNU (1)
[40593:40593:0331/143236.648614:INFO:CONSOLE:1] "Pusher :  : ["Connecting",{"transport":"ws","url":"wss://yodixa-dev.lusites.xyz:6001/app/7de17331be0146e8a264535c21b177fc?protocol=7&client=js&version=8.4.0&flash=false"}]", source: https://yodixa.lusites.xyz/_next/static/chunks/df040ad983140592.js?dpl=dpl_E8ht5yUHh371GXLdqtw8Fwse1UNU (1)
[40593:40593:0331/143237.020222:INFO:CONSOLE:1] "Pusher :  : ["State changed","connecting -> connected with new socket ID 8567761317.3315223872"]", source: https://yodixa.lusites.xyz/_next/static/chunks/df040ad983140592.js?dpl=dpl_E8ht5yUHh371GXLdqtw8Fwse1UNU (1)
[40593:40593:0331/143237.100482:INFO:CONSOLE:1] "Pusher :  : ["Event sent",{"event":"pusher:subscribe","data":{"auth":"7de17331be0146e8a264535c21b177fc:e006ef1638e0ba1e804c8ae4fd02cc3893e4ef8a600636e43817634d198368bd","channel":"private-user-7d4b735b-ea30-4eac-9371-3f71d7e58bed"}}]", source: https://yodixa.lusites.xyz/_next/static/chunks/df040ad983140592.js?dpl=dpl_E8ht5yUHh371GXLdqtw8Fwse1UNU (1)
[40593:40593:0331/143237.546041:INFO:CONSOLE:1] "Pusher :  : ["The disableStats option is deprecated in favor of enableStats"]", source: https://yodixa.lusites.xyz/_next/static/chunks/df040ad983140592.js?dpl=dpl_E8ht5yUHh371GXLdqtw8Fwse1UNU (1)
[40593:40593:0331/143237.549452:INFO:CONSOLE:1] "Pusher :  : ["State changed","initialized -> connecting"]", source: https://yodixa.lusites.xyz/_next/static/chunks/df040ad983140592.js?dpl=dpl_E8ht5yUHh371GXLdqtw8Fwse1UNU (1)
[40593:40593:0331/143237.553759:INFO:CONSOLE:1] "Pusher :  : ["Connecting",{"transport":"ws","url":"wss://yodixa-dev.lusites.xyz:6001/app/7de17331be0146e8a264535c21b177fc?protocol=7&client=js&version=8.4.0&flash=false"}]", source: https://yodixa.lusites.xyz/_next/static/chunks/df040ad983140592.js?dpl=dpl_E8ht5yUHh371GXLdqtw8Fwse1UNU (1)
[40593:40593:0331/143237.781338:INFO:CONSOLE:1] "Pusher :  : ["State changed","connecting -> connected with new socket ID 356273345.6140796358"]", source: https://yodixa.lusites.xyz/_next/static/chunks/df040ad983140592.js?dpl=dpl_E8ht5yUHh371GXLdqtw8Fwse1UNU (1)
[40593:40593:0331/143237.910879:INFO:CONSOLE:1] "Pusher :  : ["Event sent",{"event":"pusher:subscribe","data":{"auth":"7de17331be0146e8a264535c21b177fc:ecb6ba29bb4208dc9cc1313f3fd0c06471173676d2f4186d6a7cd2c881c60830","channel":"private-user-7d4b735b-ea30-4eac-9371-3f71d7e58bed"}}]", source: https://yodixa.lusites.xyz/_next/static/chunks/df040ad983140592.js?dpl=dpl_E8ht5yUHh371GXLdqtw8Fwse1UNU (1)
[40593:40593:0331/143237.964826:INFO:CONSOLE:1] "Pusher :  : ["Event recd",{"event":"pusher_internal:subscription_succeeded","channel":"private-user-7d4b735b-ea30-4eac-9371-3f71d7e58bed"}]", source: https://yodixa.lusites.xyz/_next/static/chunks/df040ad983140592.js?dpl=dpl_E8ht5yUHh371GXLdqtw8Fwse1UNU (1)
[40593:40593:0331/143237.965528:INFO:CONSOLE:1] "Pusher :  : ["No callbacks on private-user-7d4b735b-ea30-4eac-9371-3f71d7e58bed for pusher:subscription_succeeded"]", source: https://yodixa.lusites.xyz/_next/static/chunks/df040ad983140592.js?dpl=dpl_E8ht5yUHh371GXLdqtw8Fwse1UNU (1)
[40593:40619:0331/143241.754450:ERROR:google_apis/gcm/engine/registration_request.cc:292] Registration response error message: DEPRECATED_ENDPOINT
[40593:40619:0331/143257.312602:ERROR:google_apis/gcm/engine/connection_factory_impl.cc:483] ConnectionHandler failed with net error: -2
[40638:40661:0331/143257.312992:WARNING:net/extras/sqlite/sqlite_persistent_store_backend_base.cc:176] Failed to post task from FlushAndNotifyInBackground@net/extras/sqlite/sqlite_persistent_store_backend_base.cc:226 to client_task_runner_.
[40638:40661:0331/143257.313039:WARNING:net/extras/sqlite/sqlite_persistent_store_backend_base.cc:176] Failed to post task from FlushAndNotifyInBackground@net/extras/sqlite/sqlite_persistent_store_backend_base.cc:226 to client_task_runner_.
