[226115:226115:0324/154830.348758:WARNING:ui/ozone/platform/wayland/common/wayland_object.cc:119] Binding to zwp_pointer_gestures_v1 version 1 but version 3 is available.
[226115:226115:0324/154830.348966:WARNING:ui/ozone/platform/wayland/common/wayland_object.cc:119] Binding to zwp_linux_dmabuf_v1 version 4 but version 5 is available.
[226115:226115:0324/154830.693877:INFO:components/enterprise/browser/controller/chrome_browser_cloud_management_controller.cc:206] No machine level policy manager exists.
[226115:226115:0324/154830.857782:WARNING:ui/ozone/platform/wayland/host/wayland_surface.cc:170] Server doesn't support zcr_alpha_compositing_v1.
[226115:226115:0324/154830.857819:WARNING:ui/ozone/platform/wayland/host/wayland_surface.cc:185] Server doesn't support overlay_prioritizer.
[226115:226115:0324/154830.857831:WARNING:ui/ozone/platform/wayland/host/wayland_surface.cc:200] Server doesn't support wp_content_type_v1
[226115:226115:0324/154830.857842:WARNING:ui/ozone/platform/wayland/host/wayland_surface.cc:214] Server doesn't support wp_color_management_surface_v1.
[226159:226159:0324/154830.933209:WARNING:sandbox/policy/linux/sandbox_linux.cc:404] InitializeSandbox() called with multiple threads in process gpu-process.
[226115:226115:0324/154843.322958:INFO:CONSOLE:1] "Pusher :  : ["The disableStats option is deprecated in favor of enableStats"]", source: https://yodixa.lusites.xyz/_next/static/chunks/e3b49795274b77b5.js?dpl=dpl_ATAnCToCi2TTQ5ahtd2u9CXAbczm (1)
[226115:226115:0324/154843.328602:INFO:CONSOLE:1] "Pusher :  : ["State changed","initialized -> connecting"]", source: https://yodixa.lusites.xyz/_next/static/chunks/e3b49795274b77b5.js?dpl=dpl_ATAnCToCi2TTQ5ahtd2u9CXAbczm (1)
[226115:226115:0324/154843.337555:INFO:CONSOLE:1] "Pusher :  : ["Connecting",{"transport":"ws","url":"wss://yodixa-dev.lusites.xyz:6001/app/7de17331be0146e8a264535c21b177fc?protocol=7&client=js&version=8.4.0&flash=false"}]", source: https://yodixa.lusites.xyz/_next/static/chunks/e3b49795274b77b5.js?dpl=dpl_ATAnCToCi2TTQ5ahtd2u9CXAbczm (1)
[226115:226115:0324/154843.493408:INFO:CONSOLE:1] "Pusher :  : ["State changed","connecting -> connected with new socket ID 4896484091.4632015090"]", source: https://yodixa.lusites.xyz/_next/static/chunks/e3b49795274b77b5.js?dpl=dpl_ATAnCToCi2TTQ5ahtd2u9CXAbczm (1)
[226115:226115:0324/154843.719001:INFO:CONSOLE:1] "Uncaught TypeError: e_.map is not a function", source: https://yodixa.lusites.xyz/_next/static/chunks/a3d0de102194d0b9.js?dpl=dpl_ATAnCToCi2TTQ5ahtd2u9CXAbczm (1)
[226115:226115:0324/154843.722020:INFO:CONSOLE:1] "Pusher :  : ["Event sent",{"event":"pusher:unsubscribe","data":{"channel":"private-user-b8224f01-28bc-48be-b60f-ef62fbc65d06"}}]", source: https://yodixa.lusites.xyz/_next/static/chunks/e3b49795274b77b5.js?dpl=dpl_ATAnCToCi2TTQ5ahtd2u9CXAbczm (1)
[226115:226115:0324/154843.723689:INFO:CONSOLE:1] "Pusher :  : ["State changed","connected -> disconnected"]", source: https://yodixa.lusites.xyz/_next/static/chunks/e3b49795274b77b5.js?dpl=dpl_ATAnCToCi2TTQ5ahtd2u9CXAbczm (1)
[226115:226115:0324/154843.755487:INFO:CONSOLE:1] "WebSocket is already in CLOSING or CLOSED state.", source: https://yodixa.lusites.xyz/_next/static/chunks/e3b49795274b77b5.js?dpl=dpl_ATAnCToCi2TTQ5ahtd2u9CXAbczm (1)
[226115:226141:0324/154848.008686:ERROR:google_apis/gcm/engine/registration_request.cc:292] Registration response error message: DEPRECATED_ENDPOINT
[226115:226141:0324/154913.882499:ERROR:google_apis/gcm/engine/registration_request.cc:292] Registration response error message: DEPRECATED_ENDPOINT
[226115:226141:0324/154956.669917:ERROR:google_apis/gcm/engine/registration_request.cc:292] Registration response error message: DEPRECATED_ENDPOINT
[226115:226115:0324/155005.293663:INFO:CONSOLE:1] "Pusher :  : ["The disableStats option is deprecated in favor of enableStats"]", source: https://yodixa.lusites.xyz/_next/static/chunks/e3b49795274b77b5.js?dpl=dpl_ATAnCToCi2TTQ5ahtd2u9CXAbczm (1)
[226115:226115:0324/155005.295477:INFO:CONSOLE:1] "Pusher :  : ["State changed","initialized -> connecting"]", source: https://yodixa.lusites.xyz/_next/static/chunks/e3b49795274b77b5.js?dpl=dpl_ATAnCToCi2TTQ5ahtd2u9CXAbczm (1)
[226115:226115:0324/155005.298974:INFO:CONSOLE:1] "Pusher :  : ["Connecting",{"transport":"ws","url":"wss://yodixa-dev.lusites.xyz:6001/app/7de17331be0146e8a264535c21b177fc?protocol=7&client=js&version=8.4.0&flash=false"}]", source: https://yodixa.lusites.xyz/_next/static/chunks/e3b49795274b77b5.js?dpl=dpl_ATAnCToCi2TTQ5ahtd2u9CXAbczm (1)
[226115:226115:0324/155005.503748:INFO:CONSOLE:1] "Uncaught TypeError: e_.map is not a function", source: https://yodixa.lusites.xyz/_next/static/chunks/a3d0de102194d0b9.js?dpl=dpl_ATAnCToCi2TTQ5ahtd2u9CXAbczm (1)
[226115:226115:0324/155005.506840:INFO:CONSOLE:1] "Pusher :  : ["State changed","connecting -> disconnected"]", source: https://yodixa.lusites.xyz/_next/static/chunks/e3b49795274b77b5.js?dpl=dpl_ATAnCToCi2TTQ5ahtd2u9CXAbczm (1)
[226115:226115:0324/155009.766264:INFO:CONSOLE:1] "Pusher :  : ["The disableStats option is deprecated in favor of enableStats"]", source: https://yodixa.lusites.xyz/_next/static/chunks/e3b49795274b77b5.js?dpl=dpl_ATAnCToCi2TTQ5ahtd2u9CXAbczm (1)
[226115:226115:0324/155009.772663:INFO:CONSOLE:1] "Pusher :  : ["State changed","initialized -> connecting"]", source: https://yodixa.lusites.xyz/_next/static/chunks/e3b49795274b77b5.js?dpl=dpl_ATAnCToCi2TTQ5ahtd2u9CXAbczm (1)
[226115:226115:0324/155009.776690:INFO:CONSOLE:1] "Pusher :  : ["Connecting",{"transport":"ws","url":"wss://yodixa-dev.lusites.xyz:6001/app/7de17331be0146e8a264535c21b177fc?protocol=7&client=js&version=8.4.0&flash=false"}]", source: https://yodixa.lusites.xyz/_next/static/chunks/e3b49795274b77b5.js?dpl=dpl_ATAnCToCi2TTQ5ahtd2u9CXAbczm (1)
[226115:226115:0324/155010.075986:INFO:CONSOLE:1] "Uncaught TypeError: e_.map is not a function", source: https://yodixa.lusites.xyz/_next/static/chunks/a3d0de102194d0b9.js?dpl=dpl_ATAnCToCi2TTQ5ahtd2u9CXAbczm (1)
[226115:226115:0324/155010.078211:INFO:CONSOLE:1] "Pusher :  : ["State changed","connecting -> disconnected"]", source: https://yodixa.lusites.xyz/_next/static/chunks/e3b49795274b77b5.js?dpl=dpl_ATAnCToCi2TTQ5ahtd2u9CXAbczm (1)
[226115:226115:0324/155130.786857:ERROR:services/on_device_model/public/cpp/service_client.cc:36] Unexpected on_device_model service disconnect: Error loading backend.
[226115:226141:0324/155147.990316:ERROR:google_apis/gcm/engine/registration_request.cc:292] Registration response error message: DEPRECATED_ENDPOINT
[226115:226141:0324/155431.464886:ERROR:google_apis/gcm/engine/registration_request.cc:292] Registration response error message: DEPRECATED_ENDPOINT
[226115:226141:0324/155956.238883:ERROR:google_apis/gcm/engine/registration_request.cc:292] Registration response error message: DEPRECATED_ENDPOINT
[226115:226115:0324/160827.345010:ERROR:ui/compositor/compositor_animation_observer.cc:65] CompositorAnimationObserver is active for too long (1092.88s) location=Button@ui/views/controls/button/button.cc:668
[226159:226159:0324/160858.173560:ERROR:gpu/command_buffer/service/gles2_cmd_decoder_passthrough.cc:1091] [GroupMarkerNotSet(crbug.com/242999)!:A0A02500A4300000]Automatic fallback to software WebGL has been deprecated. Please use the --enable-unsafe-swiftshader (about:flags#enable-unsafe-swiftshader) flag to opt in to lower security guarantees for trusted content.
[226115:226115:0324/160858.185213:WARNING:CONSOLE:0] "[GroupMarkerNotSet(crbug.com/242999)!:A0A02500A4300000]Automatic fallback to software WebGL has been deprecated. Please use the --enable-unsafe-swiftshader (about:flags#enable-unsafe-swiftshader) flag to opt in to lower security guarantees for trusted content.", source: devtools://devtools/bundled/devtools_app.html?remoteBase=https://chrome-devtools-frontend.appspot.com/serve_file/@be2c1f4fd451578a9ada68a0ac12d659362b44bf/&targetType=tab&can_dock=true&hasOtherClients=true (0)
[226115:226115:0324/161038.490383:INFO:CONSOLE:1] "Pusher :  : ["The disableStats option is deprecated in favor of enableStats"]", source: https://yodixa.lusites.xyz/_next/static/chunks/e3b49795274b77b5.js?dpl=dpl_ATAnCToCi2TTQ5ahtd2u9CXAbczm (1)
[226115:226115:0324/161038.491657:INFO:CONSOLE:1] "Pusher :  : ["State changed","initialized -> connecting"]", source: https://yodixa.lusites.xyz/_next/static/chunks/e3b49795274b77b5.js?dpl=dpl_ATAnCToCi2TTQ5ahtd2u9CXAbczm (1)
[226115:226115:0324/161038.502354:INFO:CONSOLE:1] "Pusher :  : ["Connecting",{"transport":"ws","url":"wss://yodixa-dev.lusites.xyz:6001/app/7de17331be0146e8a264535c21b177fc?protocol=7&client=js&version=8.4.0&flash=false"}]", source: https://yodixa.lusites.xyz/_next/static/chunks/e3b49795274b77b5.js?dpl=dpl_ATAnCToCi2TTQ5ahtd2u9CXAbczm (1)
[226115:226115:0324/161038.693325:INFO:CONSOLE:1] "Uncaught TypeError: e_.map is not a function", source: https://yodixa.lusites.xyz/_next/static/chunks/a3d0de102194d0b9.js?dpl=dpl_ATAnCToCi2TTQ5ahtd2u9CXAbczm (1)
[226115:226115:0324/161038.703347:INFO:CONSOLE:1] "Pusher :  : ["State changed","connecting -> disconnected"]", source: https://yodixa.lusites.xyz/_next/static/chunks/e3b49795274b77b5.js?dpl=dpl_ATAnCToCi2TTQ5ahtd2u9CXAbczm (1)
[226115:226115:0324/161043.436423:INFO:CONSOLE:1] "Pusher :  : ["The disableStats option is deprecated in favor of enableStats"]", source: https://yodixa.lusites.xyz/_next/static/chunks/e3b49795274b77b5.js?dpl=dpl_ATAnCToCi2TTQ5ahtd2u9CXAbczm (1)
[226115:226115:0324/161043.442225:INFO:CONSOLE:1] "Pusher :  : ["State changed","initialized -> connecting"]", source: https://yodixa.lusites.xyz/_next/static/chunks/e3b49795274b77b5.js?dpl=dpl_ATAnCToCi2TTQ5ahtd2u9CXAbczm (1)
[226115:226115:0324/161043.452723:INFO:CONSOLE:1] "Pusher :  : ["Connecting",{"transport":"ws","url":"wss://yodixa-dev.lusites.xyz:6001/app/7de17331be0146e8a264535c21b177fc?protocol=7&client=js&version=8.4.0&flash=false"}]", source: https://yodixa.lusites.xyz/_next/static/chunks/e3b49795274b77b5.js?dpl=dpl_ATAnCToCi2TTQ5ahtd2u9CXAbczm (1)
[226115:226115:0324/161043.818451:INFO:CONSOLE:1] "Pusher :  : ["State changed","connecting -> connected with new socket ID 4995795695.4570964121"]", source: https://yodixa.lusites.xyz/_next/static/chunks/e3b49795274b77b5.js?dpl=dpl_ATAnCToCi2TTQ5ahtd2u9CXAbczm (1)
[226115:226115:0324/161043.903485:INFO:CONSOLE:1] "Pusher :  : ["Event sent",{"event":"pusher:subscribe","data":{"auth":"7de17331be0146e8a264535c21b177fc:1e67650e05b59892e14c1053f3a92f740e5aef0cbb35ab839da7a53ad91d60c4","channel":"private-user-b8224f01-28bc-48be-b60f-ef62fbc65d06"}}]", source: https://yodixa.lusites.xyz/_next/static/chunks/e3b49795274b77b5.js?dpl=dpl_ATAnCToCi2TTQ5ahtd2u9CXAbczm (1)
[226115:226115:0324/161043.938527:INFO:CONSOLE:1] "Pusher :  : ["Event recd",{"event":"pusher_internal:subscription_succeeded","channel":"private-user-b8224f01-28bc-48be-b60f-ef62fbc65d06"}]", source: https://yodixa.lusites.xyz/_next/static/chunks/e3b49795274b77b5.js?dpl=dpl_ATAnCToCi2TTQ5ahtd2u9CXAbczm (1)
[226115:226115:0324/161043.939857:INFO:CONSOLE:1] "Pusher :  : ["No callbacks on private-user-b8224f01-28bc-48be-b60f-ef62fbc65d06 for pusher:subscription_succeeded"]", source: https://yodixa.lusites.xyz/_next/static/chunks/e3b49795274b77b5.js?dpl=dpl_ATAnCToCi2TTQ5ahtd2u9CXAbczm (1)
[226115:226115:0324/161049.462867:INFO:CONSOLE:1] "Uncaught TypeError: e_.map is not a function", source: https://yodixa.lusites.xyz/_next/static/chunks/a3d0de102194d0b9.js?dpl=dpl_ATAnCToCi2TTQ5ahtd2u9CXAbczm (1)
[226115:226115:0324/161049.468976:INFO:CONSOLE:1] "Pusher :  : ["Event sent",{"event":"pusher:unsubscribe","data":{"channel":"private-user-b8224f01-28bc-48be-b60f-ef62fbc65d06"}}]", source: https://yodixa.lusites.xyz/_next/static/chunks/e3b49795274b77b5.js?dpl=dpl_ATAnCToCi2TTQ5ahtd2u9CXAbczm (1)
[226115:226115:0324/161049.470973:INFO:CONSOLE:1] "Pusher :  : ["State changed","connected -> disconnected"]", source: https://yodixa.lusites.xyz/_next/static/chunks/e3b49795274b77b5.js?dpl=dpl_ATAnCToCi2TTQ5ahtd2u9CXAbczm (1)
[226115:226115:0324/161049.485023:INFO:CONSOLE:1] "WebSocket is already in CLOSING or CLOSED state.", source: https://yodixa.lusites.xyz/_next/static/chunks/e3b49795274b77b5.js?dpl=dpl_ATAnCToCi2TTQ5ahtd2u9CXAbczm (1)
